0 info it worked if it ends with ok
1 verbose cli [ 'C:\\Program Files\\Unity\\Hub\\Editor\\2021.3.21f1c1\\Editor\\Data\\Tools\\nodejs\\node.exe',
1 verbose cli   'C:\\Program Files\\Unity\\Hub\\Editor\\2021.3.21f1c1\\Editor\\Data\\Tools\\nodejs\\node_modules\\npm\\bin\\npm-cli.js',
1 verbose cli   'view',
1 verbose cli   'com.unity.upm.develop',
1 verbose cli   '--registry',
1 verbose cli   'https://packages.unity.com/' ]
2 info using npm@3.10.10
3 info using node@v6.10.0
4 silly mapToRegistry name com.unity.upm.develop
5 silly mapToRegistry using default registry
6 silly mapToRegistry registry https://packages.unity.com/
7 silly mapToRegistry data Result {
7 silly mapToRegistry   raw: 'com.unity.upm.develop',
7 silly mapToRegistry   scope: null,
7 silly mapToRegistry   escapedName: 'com.unity.upm.develop',
7 silly mapToRegistry   name: 'com.unity.upm.develop',
7 silly mapToRegistry   rawSpec: '',
7 silly mapToRegistry   spec: 'latest',
7 silly mapToRegistry   type: 'tag' }
8 silly mapToRegistry uri https://packages.unity.com/com.unity.upm.develop
9 verbose request uri https://packages.unity.com/com.unity.upm.develop
10 verbose request no auth needed
11 info attempt registry request try #1 at 16:31:36
12 verbose request id 2a13d95c0a9b4d33
13 http request GET https://packages.unity.com/com.unity.upm.develop
14 info retry will retry, error on last attempt: Error: certificate signature failure
15 info attempt registry request try #2 at 16:31:47
16 http request GET https://packages.unity.com/com.unity.upm.develop
17 info retry will retry, error on last attempt: Error: certificate signature failure
18 info attempt registry request try #3 at 16:32:48
19 http request GET https://packages.unity.com/com.unity.upm.develop
20 verbose stack Error: certificate signature failure
20 verbose stack     at Error (native)
20 verbose stack     at TLSSocket.<anonymous> (_tls_wrap.js:1085:38)
20 verbose stack     at emitNone (events.js:86:13)
20 verbose stack     at TLSSocket.emit (events.js:185:7)
20 verbose stack     at TLSSocket._finishInit (_tls_wrap.js:603:8)
20 verbose stack     at TLSWrap.ssl.onhandshakedone (_tls_wrap.js:433:38)
21 verbose cwd E:\WorkSpaces\Unity_WorkSpace\Projects\EntitySystem2D
22 error Windows_NT 10.0.19045
23 error argv "C:\\Program Files\\Unity\\Hub\\Editor\\2021.3.21f1c1\\Editor\\Data\\Tools\\nodejs\\node.exe" "C:\\Program Files\\Unity\\Hub\\Editor\\2021.3.21f1c1\\Editor\\Data\\Tools\\nodejs\\node_modules\\npm\\bin\\npm-cli.js" "view" "com.unity.upm.develop" "--registry" "https://packages.unity.com/"
24 error node v6.10.0
25 error npm  v3.10.10
26 error code CERT_SIGNATURE_FAILURE
27 error certificate signature failure
28 error If you need help, you may report this error at:
28 error     <https://github.com/npm/npm/issues>
29 verbose exit [ 1, true ]
